<?xml version="1.0" encoding="UTF-8"?>
<!-- Generated by org.testng.reporters.JUnitXMLReporter -->
<testsuite hostname="Biplab" ignored="4" name="test" tests="4" failures="0" timestamp="14 Mar 2020 01:36:47 GMT" time="0.075" errors="0">
  <testcase name="test1" time="0.006" classname="TestNgDemo.TestNgDemo.TestNgTest"/>
  <testcase name="test2" time="0.003" classname="TestNgDemo.TestNgDemo.TestNgTest"/>
  <testcase name="test1" time="0.006" classname="TestNgDemo.TestNgDemo.TestNgTest2"/>
  <testcase name="test2" time="0.005" classname="TestNgDemo.TestNgDemo.TestNgTest2"/>
  <testcase name="@BeforeTest beforeTest" time="0.0" classname="TestNgDemo.TestNgDemo.Anotations">
    <ignored/>
  </testcase> <!-- @BeforeTest beforeTest -->
  <testcase name="@AfterSuite afterSuit" time="0.0" classname="TestNgDemo.TestNgDemo.Anotations">
    <ignored/>
  </testcase> <!-- @AfterSuite afterSuit -->
  <testcase name="@BeforeSuite beforeSuite" time="0.0" classname="TestNgDemo.TestNgDemo.Anotations">
    <ignored/>
  </testcase> <!-- @BeforeSuite beforeSuite -->
  <testcase name="@AfterTest afterTest" time="0.0" classname="TestNgDemo.TestNgDemo.Anotations">
    <ignored/>
  </testcase> <!-- @AfterTest afterTest -->
</testsuite> <!-- test -->
