<?xml version="1.0" encoding="UTF-8"?>
<!-- Generated by org.testng.reporters.JUnitXMLReporter -->
<testsuite hostname="Biplab" ignored="0" name="test2" tests="4" failures="2" timestamp="10 May 2020 20:20:17 GMT" time="16.211" errors="0">
  <testcase name="test12" time="11.777" classname="TestNgDemo.TestNgDemo.TestNgTest2"/>
  <testcase name="test12" time="16.048" classname="TestNgDemo.TestNgDemo.TestNgTest2">
    <failure type="java.lang.NullPointerException">
      <![CDATA[java.lang.NullPointerException
at com.listeners.ListenersTestDemo.onTestSuccess(ListenersTestDemo.java:25)
at java.util.concurrent.ThreadPoolExecutor.runWorker(Unknown Source)
at java.util.concurrent.ThreadPoolExecutor$Worker.run(Unknown Source)
at java.lang.Thread.run(Unknown Source)
... Removed 7 stack frames]]>
    </failure>
  </testcase> <!-- test12 -->
  <testcase name="test11" time="11.908" classname="TestNgDemo.TestNgDemo.TestNgTest2"/>
  <testcase name="test11" time="16.178" classname="TestNgDemo.TestNgDemo.TestNgTest2">
    <failure type="java.lang.NullPointerException">
      <![CDATA[java.lang.NullPointerException
at com.listeners.ListenersTestDemo.onTestSuccess(ListenersTestDemo.java:25)
at java.util.concurrent.ThreadPoolExecutor.runWorker(Unknown Source)
at java.util.concurrent.ThreadPoolExecutor$Worker.run(Unknown Source)
at java.lang.Thread.run(Unknown Source)
... Removed 7 stack frames]]>
    </failure>
  </testcase> <!-- test11 -->
</testsuite> <!-- test2 -->
