<?xml version="1.0" encoding="UTF-8"?>
<!-- Generated by org.testng.reporters.JUnitXMLReporter -->
<testsuite hostname="Biplab" ignored="1" name="test1(failed)" tests="1" failures="1" timestamp="24 Mar 2020 16:36:35 GMT" time="4.628" errors="0">
  <testcase name="test12" time="0.015" classname="TestNgDemo.TestNgDemo.TestNgTest2">
    <failure type="java.lang.AssertionError" message="expected [true] but found [false]">
      <![CDATA[java.lang.AssertionError: expected [true] but found [false]
at TestNgDemo.TestNgDemo.TestNgTest2.test12(TestNgTest2.java:11)
... Removed 29 stack frames]]>
    </failure>
  </testcase> <!-- test12 -->
  <testcase name="test11" time="0.0" classname="TestNgDemo.TestNgDemo.TestNgTest2">
    <ignored/>
  </testcase> <!-- test11 -->
</testsuite> <!-- test1(failed) -->
