<?xml version="1.0" encoding="UTF-8"?>
<testng-results skipped="0" failed="0" ignored="0" total="1" passed="1">
  <reporter-output>
  </reporter-output>
  <suite name="Default suite" duration-ms="37202" started-at="2020-05-17T06:07:13Z" finished-at="2020-05-17T06:07:51Z">
    <groups>
    </groups>
    <test name="Default test" duration-ms="37202" started-at="2020-05-17T06:07:13Z" finished-at="2020-05-17T06:07:51Z">
      <class name="seleniumTests.WindowsHandelAndReturn">
        <test-method status="PASS" signature="WindowsHandel()[pri:0, instance:seleniumTests.WindowsHandelAndReturn@61832929]" name="WindowsHandel" duration-ms="37156" started-at="2020-05-17T06:07:13Z" finished-at="2020-05-17T06:07:50Z">
          <reporter-output>
          </reporter-output>
        </test-method> <!-- WindowsHandel -->
      </class> <!-- seleniumTests.WindowsHandelAndReturn -->
    </test> <!-- Default test -->
  </suite> <!-- Default suite -->
</testng-results>
